Building DAG of jobs...
Using shell: /bin/bash
Provided cluster nodes: 6
Job counts:
	count	jobs
	1	all
	6	smurf
	7

[Thu Nov 12 11:59:27 2020]
rule smurf:
    output: csv/n100_cnt10.csv
    jobid: 2
    benchmark: bench/n100_cnt10.bench
    wildcards: n=100, cnt=10

Submitted job 2 with external jobid 'Submitted batch job 7209213'.

[Thu Nov 12 11:59:27 2020]
rule smurf:
    output: csv/n200_cnt10.csv
    jobid: 5
    benchmark: bench/n200_cnt10.bench
    wildcards: n=200, cnt=10

Submitted job 5 with external jobid 'Submitted batch job 7209214'.

[Thu Nov 12 11:59:27 2020]
rule smurf:
    output: csv/n100_cnt5.csv
    jobid: 1
    benchmark: bench/n100_cnt5.bench
    wildcards: n=100, cnt=5

Submitted job 1 with external jobid 'Submitted batch job 7209215'.

[Thu Nov 12 11:59:27 2020]
rule smurf:
    output: csv/n200_cnt20.csv
    jobid: 6
    benchmark: bench/n200_cnt20.bench
    wildcards: n=200, cnt=20

Submitted job 6 with external jobid 'Submitted batch job 7209216'.

[Thu Nov 12 11:59:27 2020]
rule smurf:
    output: csv/n100_cnt20.csv
    jobid: 3
    benchmark: bench/n100_cnt20.bench
    wildcards: n=100, cnt=20

Submitted job 3 with external jobid 'Submitted batch job 7209217'.

[Thu Nov 12 11:59:27 2020]
rule smurf:
    output: csv/n200_cnt5.csv
    jobid: 4
    benchmark: bench/n200_cnt5.bench
    wildcards: n=200, cnt=5

Submitted job 4 with external jobid 'Submitted batch job 7209218'.
[Thu Nov 12 12:00:17 2020]
Finished job 5.
1 of 7 steps (14%) done
[Thu Nov 12 12:00:17 2020]
Finished job 1.
2 of 7 steps (29%) done
[Thu Nov 12 12:00:17 2020]
Finished job 6.
3 of 7 steps (43%) done
[Thu Nov 12 12:00:27 2020]
Finished job 2.
4 of 7 steps (57%) done
[Thu Nov 12 12:01:27 2020]
Finished job 3.
5 of 7 steps (71%) done
[Thu Nov 12 12:01:27 2020]
Finished job 4.
6 of 7 steps (86%) done

[Thu Nov 12 12:01:27 2020]
localrule all:
    input: csv/n100_cnt5.csv, csv/n100_cnt10.csv, csv/n100_cnt20.csv, csv/n200_cnt5.csv, csv/n200_cnt10.csv, csv/n200_cnt20.csv
    jobid: 0

[Thu Nov 12 12:01:27 2020]
Finished job 0.
7 of 7 steps (100%) done
Complete log: /proj/milovelab/mu/SC-ASE/simulation/.snakemake/log/2020-11-12T115926.953391.snakemake.log
