Building DAG of jobs...
Using shell: /bin/bash
Provided cluster nodes: 6
Job counts:
	count	jobs
	1	all
	10	smurf
	11

[Thu Nov 12 18:48:27 2020]
rule smurf:
    output: csv/n100_cnt20.csv
    jobid: 3
    benchmark: bench/n100_cnt20.bench
    wildcards: n=100, cnt=20

Submitted job 3 with external jobid 'Submitted batch job 7217204'.

[Thu Nov 12 18:48:27 2020]
rule smurf:
    output: csv/n200_cnt20.csv
    jobid: 8
    benchmark: bench/n200_cnt20.bench
    wildcards: n=200, cnt=20

Submitted job 8 with external jobid 'Submitted batch job 7217205'.

[Thu Nov 12 18:48:27 2020]
rule smurf:
    output: csv/n200_cnt50.csv
    jobid: 9
    benchmark: bench/n200_cnt50.bench
    wildcards: n=200, cnt=50

Submitted job 9 with external jobid 'Submitted batch job 7217206'.

[Thu Nov 12 18:48:27 2020]
rule smurf:
    output: csv/n100_cnt100.csv
    jobid: 5
    benchmark: bench/n100_cnt100.bench
    wildcards: n=100, cnt=100

Submitted job 5 with external jobid 'Submitted batch job 7217207'.

[Thu Nov 12 18:48:27 2020]
rule smurf:
    output: csv/n100_cnt50.csv
    jobid: 4
    benchmark: bench/n100_cnt50.bench
    wildcards: n=100, cnt=50

Submitted job 4 with external jobid 'Submitted batch job 7217208'.

[Thu Nov 12 18:48:28 2020]
rule smurf:
    output: csv/n200_cnt100.csv
    jobid: 10
    benchmark: bench/n200_cnt100.bench
    wildcards: n=200, cnt=100

Submitted job 10 with external jobid 'Submitted batch job 7217209'.
[Thu Nov 12 19:03:28 2020]
Finished job 3.
1 of 11 steps (9%) done

[Thu Nov 12 19:03:28 2020]
rule smurf:
    output: csv/n100_cnt5.csv
    jobid: 1
    benchmark: bench/n100_cnt5.bench
    wildcards: n=100, cnt=5

[Thu Nov 12 19:03:28 2020]
Finished job 5.
2 of 11 steps (18%) done
Submitted job 1 with external jobid 'Submitted batch job 7217465'.

[Thu Nov 12 19:03:28 2020]
rule smurf:
    output: csv/n100_cnt10.csv
    jobid: 2
    benchmark: bench/n100_cnt10.bench
    wildcards: n=100, cnt=10

Submitted job 2 with external jobid 'Submitted batch job 7217466'.
[Thu Nov 12 19:03:48 2020]
Finished job 4.
3 of 11 steps (27%) done

[Thu Nov 12 19:03:48 2020]
rule smurf:
    output: csv/n200_cnt10.csv
    jobid: 7
    benchmark: bench/n200_cnt10.bench
    wildcards: n=200, cnt=10

Submitted job 7 with external jobid 'Submitted batch job 7217467'.
[Thu Nov 12 19:05:48 2020]
Finished job 9.
4 of 11 steps (36%) done

[Thu Nov 12 19:05:48 2020]
rule smurf:
    output: csv/n200_cnt5.csv
    jobid: 6
    benchmark: bench/n200_cnt5.bench
    wildcards: n=200, cnt=5

Submitted job 6 with external jobid 'Submitted batch job 7217468'.
[Thu Nov 12 19:07:49 2020]
Finished job 10.
5 of 11 steps (45%) done
[Thu Nov 12 19:09:29 2020]
Finished job 8.
6 of 11 steps (55%) done
[Thu Nov 12 19:19:19 2020]
Finished job 2.
7 of 11 steps (64%) done
[Thu Nov 12 19:20:20 2020]
Finished job 1.
8 of 11 steps (73%) done
[Thu Nov 12 19:21:50 2020]
Finished job 7.
9 of 11 steps (82%) done
[Thu Nov 12 19:21:50 2020]
Finished job 6.
10 of 11 steps (91%) done

[Thu Nov 12 19:21:50 2020]
localrule all:
    input: csv/n100_cnt5.csv, csv/n100_cnt10.csv, csv/n100_cnt20.csv, csv/n100_cnt50.csv, csv/n100_cnt100.csv, csv/n200_cnt5.csv, csv/n200_cnt10.csv, csv/n200_cnt20.csv, csv/n200_cnt50.csv, csv/n200_cnt100.csv
    jobid: 0

[Thu Nov 12 19:21:50 2020]
Finished job 0.
11 of 11 steps (100%) done
Complete log: /proj/milovelab/mu/SC-ASE/simulation/.snakemake/log/2020-11-12T184827.552836.snakemake.log
