Building DAG of jobs...
Using shell: /bin/bash
Provided cluster nodes: 4
Job counts:
	count	jobs
	1	all
	2	smurf
	3

[Fri Nov 13 09:46:03 2020]
rule smurf:
    output: csv/n10_cnt100.csv
    jobid: 2
    benchmark: bench/n10_cnt100.bench
    wildcards: n=10, cnt=100

Submitted job 2 with external jobid 'Submitted batch job 7230326'.

[Fri Nov 13 09:46:03 2020]
rule smurf:
    output: csv/n10_cnt50.csv
    jobid: 1
    benchmark: bench/n10_cnt50.bench
    wildcards: n=10, cnt=50

Submitted job 1 with external jobid 'Submitted batch job 7230327'.
[Fri Nov 13 09:50:14 2020]
Finished job 2.
1 of 3 steps (33%) done
[Fri Nov 13 09:50:14 2020]
Finished job 1.
2 of 3 steps (67%) done

[Fri Nov 13 09:50:14 2020]
localrule all:
    input: csv/n10_cnt50.csv, csv/n10_cnt100.csv
    jobid: 0

[Fri Nov 13 09:50:14 2020]
Finished job 0.
3 of 3 steps (100%) done
Complete log: /proj/milovelab/mu/SC-ASE/simulation/.snakemake/log/2020-11-13T094603.269057.snakemake.log
